[0929/190802:ERROR:process_reader_win.cc(232)] ReadMemory at 0xbd7b50 of 24 bytes failed: 仅完成部分的 ReadProcessMemory 或 WriteProcessMemory 请求。 (0x12B)
[0929/190802:ERROR:crash_report_exception_handler.cc(102)] WriteEverything failed
[0929/190802:ERROR:scoped_process_suspend.cc(38)] NtResumeProcess, ntstatus=-1073741558
[1003/195157:ERROR:process_reader_win.cc(232)] ReadMemory at 0x6a070000 of 64 bytes failed: 仅完成部分的 ReadProcessMemory 或 WriteProcessMemory 请求。 (0x12B)
[1003/195157:WARNING:pe_image_reader.cc(280)] could not read dos header from C:\Program Files (x86)\Google\Chrome\Application\49.0.2623.87\chrome_elf.dll
[1003/195157:ERROR:process_reader_win.cc(232)] ReadMemory at 0x733b0000 of 64 bytes failed: 仅完成部分的 ReadProcessMemory 或 WriteProcessMemory 请求。 (0x12B)
[1003/195157:WARNING:pe_image_reader.cc(280)] could not read dos header from C:\Windows\SYSTEM32\WINHTTP.dll
[1003/195157:ERROR:process_reader_win.cc(232)] ReadMemory at 0x74520000 of 64 bytes failed: 仅完成部分的 ReadProcessMemory 或 WriteProcessMemory 请求。 (0x12B)
[1003/195157:WARNING:pe_image_reader.cc(280)] could not read dos header from C:\Windows\SYSTEM32\VERSION.dll
[1003/195157:ERROR:process_reader_win.cc(232)] ReadMemory at 0x73e60000 of 64 bytes failed: 仅完成部分的 ReadProcessMemory 或 WriteProcessMemory 请求。 (0x12B)
[1003/195157:WARNING:pe_image_reader.cc(280)] could not read dos header from C:\Windows\SYSTEM32\WINMMBASE.dll
[1003/195157:ERROR:process_reader_win.cc(232)] ReadMemory at 0x768f0000 of 64 bytes failed: 仅完成部分的 ReadProcessMemory 或 WriteProcessMemory 请求。 (0x12B)
[1003/195157:WARNING:pe_image_reader.cc(280)] could not read dos header from C:\Windows\SYSTEM32\GDI32.dll
[1003/195157:ERROR:process_reader_win.cc(232)] ReadMemory at 0x74630000 of 64 bytes failed: 仅完成部分的 ReadProcessMemory 或 WriteProcessMemory 请求。 (0x12B)
[1003/195157:WARNING:pe_image_reader.cc(280)] could not read dos header from C:\Windows\SYSTEM32\USER32.dll
[1003/195157:ERROR:process_reader_win.cc(232)] ReadMemory at 0x73e90000 of 64 bytes failed: 仅完成部分的 ReadProcessMemory 或 WriteProcessMemory 请求。 (0x12B)
[1003/195157:WARNING:pe_image_reader.cc(280)] could not read dos header from C:\Windows\SYSTEM32\WINMM.dll
[1003/195157:ERROR:process_reader_win.cc(232)] ReadMemory at 0x74280000 of 64 bytes failed: 仅完成部分的 ReadProcessMemory 或 WriteProcessMemory 请求。 (0x12B)
[1003/195157:WARNING:pe_image_reader.cc(280)] could not read dos header from C:\Windows\SYSTEM32\USERENV.dll
[1003/195157:ERROR:process_reader_win.cc(232)] ReadMemory at 0x742a0000 of 64 bytes failed: 仅完成部分的 ReadProcessMemory 或 WriteProcessMemory 请求。 (0x12B)
[1003/195157:WARNING:pe_image_reader.cc(280)] could not read dos header from C:\Windows\SYSTEM32\WTSAPI32.dll
[1003/195157:ERROR:process_reader_win.cc(232)] ReadMemory at 0x76b70000 of 64 bytes failed: 仅完成部分的 ReadProcessMemory 或 WriteProcessMemory 请求。 (0x12B)
[1003/195157:WARNING:pe_image_reader.cc(280)] could not read dos header from C:\Windows\SYSTEM32\shlwapi.dll
[1003/195157:ERROR:process_reader_win.cc(232)] ReadMemory at 0x74620000 of 64 bytes failed: 仅完成部分的 ReadProcessMemory 或 WriteProcessMemory 请求。 (0x12B)
[1003/195157:WARNING:pe_image_reader.cc(280)] could not read dos header from C:\Windows\SYSTEM32\kernel.appcore.dll
[1003/195157:ERROR:process_reader_win.cc(232)] ReadMemory at 0x74780000 of 64 bytes failed: 仅完成部分的 ReadProcessMemory 或 WriteProcessMemory 请求。 (0x12B)
[1003/195157:WARNING:pe_image_reader.cc(280)] could not read dos header from C:\Windows\SYSTEM32\shcore.dll
[1003/195157:ERROR:process_reader_win.cc(232)] ReadMemory at 0x749b0000 of 64 bytes failed: 仅完成部分的 ReadProcessMemory 或 WriteProcessMemory 请求。 (0x12B)
[1003/195157:WARNING:pe_image_reader.cc(280)] could not read dos header from C:\Windows\SYSTEM32\powrprof.dll
[1003/195157:ERROR:process_reader_win.cc(232)] ReadMemory at 0x762a0000 of 64 bytes failed: 仅完成部分的 ReadProcessMemory 或 WriteProcessMemory 请求。 (0x12B)
[1003/195157:WARNING:pe_image_reader.cc(280)] could not read dos header from C:\Windows\SYSTEM32\windows.storage.dll
[1003/195157:ERROR:process_reader_win.cc(232)] ReadMemory at 0x74ea0000 of 64 bytes failed: 仅完成部分的 ReadProcessMemory 或 WriteProcessMemory 请求。 (0x12B)
[1003/195157:WARNING:pe_image_reader.cc(280)] could not read dos header from C:\Windows\SYSTEM32\SHELL32.dll
[1003/195157:ERROR:process_reader_win.cc(232)] ReadMemory at 0x767a0000 of 64 bytes failed: 仅完成部分的 ReadProcessMemory 或 WriteProcessMemory 请求。 (0x12B)
[1003/195157:WARNING:pe_image_reader.cc(280)] could not read dos header from C:\Windows\SYSTEM32\ole32.dll
[1003/195157:ERROR:process_reader_win.cc(232)] ReadMemory at 0x74810000 of 64 bytes failed: 仅完成部分的 ReadProcessMemory 或 WriteProcessMemory 请求。 (0x12B)
[1003/195157:WARNING:pe_image_reader.cc(280)] could not read dos header from C:\Windows\SYSTEM32\OLEAUT32.dll
[1003/195157:ERROR:process_reader_win.cc(232)] ReadMemory at 0x76ff0000 of 64 bytes failed: 仅完成部分的 ReadProcessMemory 或 WriteProcessMemory 请求。 (0x12B)
[1003/195157:WARNING:pe_image_reader.cc(280)] could not read dos header from C:\Windows\SYSTEM32\PSAPI.DLL
[1003/195157:ERROR:process_reader_win.cc(232)] ReadMemory at 0x76bc0000 of 64 bytes failed: 仅完成部分的 ReadProcessMemory 或 WriteProcessMemory 请求。 (0x12B)
[1003/195157:WARNING:pe_image_reader.cc(280)] could not read dos header from C:\Windows\SYSTEM32\WS2_32.dll
[1003/195157:ERROR:process_reader_win.cc(232)] ReadMemory at 0x76fb0000 of 64 bytes failed: 仅完成部分的 ReadProcessMemory 或 WriteProcessMemory 请求。 (0x12B)
[1003/195157:WARNING:pe_image_reader.cc(280)] could not read dos header from C:\Windows\SYSTEM32\NETAPI32.dll
[1003/195157:ERROR:process_reader_win.cc(232)] ReadMemory at 0x73d50000 of 64 bytes failed: 仅完成部分的 ReadProcessMemory 或 WriteProcessMemory 请求。 (0x12B)
[1003/195157:WARNING:pe_image_reader.cc(280)] could not read dos header from C:\Windows\SYSTEM32\NETUTILS.DLL
[1003/195157:ERROR:process_reader_win.cc(232)] ReadMemory at 0x74490000 of 64 bytes failed: 仅完成部分的 ReadProcessMemory 或 WriteProcessMemory 请求。 (0x12B)
[1003/195157:WARNING:pe_image_reader.cc(280)] could not read dos header from C:\Windows\SYSTEM32\bcrypt.dll
[1003/195157:ERROR:process_reader_win.cc(232)] ReadMemory at 0x72450000 of 64 bytes failed: 仅完成部分的 ReadProcessMemory 或 WriteProcessMemory 请求。 (0x12B)
[1003/195157:WARNING:pe_image_reader.cc(280)] could not read dos header from C:\Windows\SYSTEM32\WKSCLI.DLL
[1003/195157:ERROR:process_reader_win.cc(232)] ReadMemory at 0x6f490000 of 64 bytes failed: 仅完成部分的 ReadProcessMemory 或 WriteProcessMemory 请求。 (0x12B)
[1003/195157:WARNING:pe_image_reader.cc(280)] could not read dos header from D:\360杞浠朵杞\360\360Safe\safemon\safemon.dll
[1003/195157:ERROR:process_reader_win.cc(232)] ReadMemory at 0x68d10000 of 64 bytes failed: 仅完成部分的 ReadProcessMemory 或 WriteProcessMemory 请求。 (0x12B)
[1003/195157:WARNING:pe_image_reader.cc(280)] could not read dos header from D:\360杞浠朵杞\360\360Safe\safemon\iNetSafe.dll
[1003/195157:ERROR:process_reader_win.cc(232)] ReadMemory at 0x71ca0000 of 64 bytes failed: 仅完成部分的 ReadProcessMemory 或 WriteProcessMemory 请求。 (0x12B)
[1003/195157:WARNING:pe_image_reader.cc(280)] could not read dos header from C:\Windows\SYSTEM32\WINSPOOL.DRV
[1003/195157:ERROR:process_reader_win.cc(232)] ReadMemory at 0x72b30000 of 64 bytes failed: 仅完成部分的 ReadProcessMemory 或 WriteProcessMemory 请求。 (0x12B)
[1003/195157:WARNING:pe_image_reader.cc(280)] could not read dos header from C:\Windows\WinSxS\x86_microsoft.windows.common-controls_6595b64144ccf1df_6.0.10586.0_none_d3c2e4e965da4528\COMCTL32.dll
[1003/195157:ERROR:process_reader_win.cc(232)] ReadMemory at 0x726b0000 of 64 bytes failed: 仅完成部分的 ReadProcessMemory 或 WriteProcessMemory 请求。 (0x12B)
[1003/195157:WARNING:pe_image_reader.cc(280)] could not read dos header from C:\Windows\SYSTEM32\fwbase.dll
[1003/195157:ERROR:process_reader_win.cc(232)] ReadMemory at 0x72710000 of 64 bytes failed: 仅完成部分的 ReadProcessMemory 或 WriteProcessMemory 请求。 (0x12B)
[1003/195157:WARNING:pe_image_reader.cc(280)] could not read dos header from C:\Windows\SYSTEM32\DAVHLPR.DLL
[1003/195157:ERROR:process_reader_win.cc(232)] ReadMemory at 0x748b0000 of 64 bytes failed: 仅完成部分的 ReadProcessMemory 或 WriteProcessMemory 请求。 (0x12B)
[1003/195157:WARNING:pe_image_reader.cc(280)] could not read dos header from C:\Windows\SYSTEM32\COMDLG32.dll
[1003/195157:ERROR:process_reader_win.cc(232)] ReadMemory at 0x740c0000 of 64 bytes failed: 仅完成部分的 ReadProcessMemory 或 WriteProcessMemory 请求。 (0x12B)
[1003/195157:WARNING:pe_image_reader.cc(280)] could not read dos header from C:\Windows\SYSTEM32\IPHLPAPI.DLL
[1003/195157:ERROR:process_reader_win.cc(232)] ReadMemory at 0x744c0000 of 64 bytes failed: 仅完成部分的 ReadProcessMemory 或 WriteProcessMemory 请求。 (0x12B)
[1003/195157:WARNING:pe_image_reader.cc(280)] could not read dos header from C:\Windows\SYSTEM32\USP10.dll
[1003/195157:ERROR:process_reader_win.cc(232)] ReadMemory at 0x77400000 of 64 bytes failed: 仅完成部分的 ReadProcessMemory 或 WriteProcessMemory 请求。 (0x12B)
[1003/195157:WARNING:pe_image_reader.cc(280)] could not read dos header from C:\Windows\SYSTEM32\MSASN1.dll
[1003/195157:ERROR:process_reader_win.cc(232)] ReadMemory at 0x76c20000 of 64 bytes failed: 仅完成部分的 ReadProcessMemory 或 WriteProcessMemory 请求。 (0x12B)
[1003/195157:WARNING:pe_image_reader.cc(280)] could not read dos header from C:\Windows\SYSTEM32\CRYPT32.dll
[1003/195157:ERROR:process_reader_win.cc(232)] ReadMemory at 0x772b0000 of 64 bytes failed: 仅完成部分的 ReadProcessMemory 或 WriteProcessMemory 请求。 (0x12B)
[1003/195157:WARNING:pe_image_reader.cc(280)] could not read dos header from C:\Windows\SYSTEM32\WINTRUST.dll
[1003/195157:ERROR:process_reader_win.cc(232)] ReadMemory at 0x73e10000 of 64 bytes failed: 仅完成部分的 ReadProcessMemory 或 WriteProcessMemory 请求。 (0x12B)
[1003/195157:WARNING:pe_image_reader.cc(280)] could not read dos header from C:\Windows\SYSTEM32\Secur32.dll
[1003/195157:ERROR:process_reader_win.cc(232)] ReadMemory at 0x54ac0000 of 64 bytes failed: 仅完成部分的 ReadProcessMemory 或 WriteProcessMemory 请求。 (0x12B)
[1003/195157:WARNING:pe_image_reader.cc(280)] could not read dos header from C:\Program Files (x86)\Google\Chrome\Application\49.0.2623.87\chrome_child.dll
[1003/195157:ERROR:process_reader_win.cc(232)] ReadMemory at 0x6e9c0000 of 64 bytes failed: 仅完成部分的 ReadProcessMemory 或 WriteProcessMemory 请求。 (0x12B)
[1003/195157:WARNING:pe_image_reader.cc(280)] could not read dos header from D:\360杞浠朵杞\360\360Safe\360verify.dll
[1003/195157:ERROR:process_reader_win.cc(232)] ReadMemory at 0x718d0000 of 64 bytes failed: 仅完成部分的 ReadProcessMemory 或 WriteProcessMemory 请求。 (0x12B)
[1003/195157:WARNING:pe_image_reader.cc(280)] could not read dos header from C:\Windows\SYSTEM32\dwrite.dll
[1003/195157:ERROR:process_reader_win.cc(232)] ReadMemory at 0xf00000 of 64 bytes failed: 仅完成部分的 ReadProcessMemory 或 WriteProcessMemory 请求。 (0x12B)
[1003/195157:WARNING:pe_image_reader.cc(280)] could not read dos header from C:\Program Files (x86)\Google\Chrome\Application\chrome.exe
[1003/195157:ERROR:process_reader_win.cc(232)] ReadMemory at 0x77810000 of 64 bytes failed: 仅完成部分的 ReadProcessMemory 或 WriteProcessMemory 请求。 (0x12B)
[1003/195157:WARNING:pe_image_reader.cc(280)] could not read dos header from C:\Windows\SYSTEM32\ntdll.dll
[1003/195157:ERROR:process_reader_win.cc(232)] ReadMemory at 0x77570000 of 64 bytes failed: 仅完成部分的 ReadProcessMemory 或 WriteProcessMemory 请求。 (0x12B)
[1003/195157:WARNING:pe_image_reader.cc(280)] could not read dos header from C:\Windows\SYSTEM32\KERNELBASE.dll
[1003/195157:ERROR:process_reader_win.cc(232)] ReadMemory at 0x771d0000 of 64 bytes failed: 仅完成部分的 ReadProcessMemory 或 WriteProcessMemory 请求。 (0x12B)
[1003/195157:WARNING:pe_image_reader.cc(280)] could not read dos header from C:\Windows\SYSTEM32\KERNEL32.DLL
[1003/195157:ERROR:process_reader_win.cc(232)] ReadMemory at 0x6a990000 of 64 bytes failed: 仅完成部分的 ReadProcessMemory 或 WriteProcessMemory 请求。 (0x12B)
[1003/195157:WARNING:pe_image_reader.cc(280)] could not read dos header from C:\Windows\system32\apphelp.dll
[1003/195157:ERROR:process_reader_win.cc(232)] ReadMemory at 0x74560000 of 64 bytes failed: 仅完成部分的 ReadProcessMemory 或 WriteProcessMemory 请求。 (0x12B)
[1003/195157:WARNING:pe_image_reader.cc(280)] could not read dos header from C:\Windows\SYSTEM32\msvcrt.dll
[1003/195157:ERROR:process_reader_win.cc(232)] ReadMemory at 0x774b0000 of 64 bytes failed: 仅完成部分的 ReadProcessMemory 或 WriteProcessMemory 请求。 (0x12B)
[1003/195157:WARNING:pe_image_reader.cc(280)] could not read dos header from C:\Windows\SYSTEM32\bcryptPrimitives.dll
[1003/195157:ERROR:process_reader_win.cc(232)] ReadMemory at 0x74530000 of 64 bytes failed: 仅完成部分的 ReadProcessMemory 或 WriteProcessMemory 请求。 (0x12B)
[1003/195157:WARNING:pe_image_reader.cc(280)] could not read dos header from C:\Windows\SYSTEM32\CRYPTBASE.dll
[1003/195157:ERROR:process_reader_win.cc(232)] ReadMemory at 0x74540000 of 64 bytes failed: 仅完成部分的 ReadProcessMemory 或 WriteProcessMemory 请求。 (0x12B)
[1003/195157:WARNING:pe_image_reader.cc(280)] could not read dos header from C:\Windows\SYSTEM32\SspiCli.dll
[1003/195157:ERROR:process_reader_win.cc(232)] ReadMemory at 0x76ac0000 of 64 bytes failed: 仅完成部分的 ReadProcessMemory 或 WriteProcessMemory 请求。 (0x12B)
[1003/195157:WARNING:pe_image_reader.cc(280)] could not read dos header from C:\Windows\SYSTEM32\RPCRT4.dll
[1003/195157:ERROR:process_reader_win.cc(232)] ReadMemory at 0x76da0000 of 64 bytes failed: 仅完成部分的 ReadProcessMemory 或 WriteProcessMemory 请求。 (0x12B)
[1003/195157:WARNING:pe_image_reader.cc(280)] could not read dos header from C:\Windows\SYSTEM32\sechost.dll
[1003/195157:ERROR:process_reader_win.cc(232)] ReadMemory at 0x76a40000 of 64 bytes failed: 仅完成部分的 ReadProcessMemory 或 WriteProcessMemory 请求。 (0x12B)
[1003/195157:WARNING:pe_image_reader.cc(280)] could not read dos header from C:\Windows\SYSTEM32\ADVAPI32.dll
[1003/195157:ERROR:process_reader_win.cc(232)] ReadMemory at 0x6a070000 of 64 bytes failed: 仅完成部分的 ReadProcessMemory 或 WriteProcessMemory 请求。 (0x12B)
[1003/195157:WARNING:pe_image_reader.cc(280)] could not read dos header from C:\Program Files (x86)\Google\Chrome\Application\49.0.2623.87\chrome_elf.dll
[1003/195157:ERROR:process_reader_win.cc(232)] ReadMemory at 0x733b0000 of 64 bytes failed: 仅完成部分的 ReadProcessMemory 或 WriteProcessMemory 请求。 (0x12B)
[1003/195157:WARNING:pe_image_reader.cc(280)] could not read dos header from C:\Windows\SYSTEM32\WINHTTP.dll
[1003/195157:ERROR:process_reader_win.cc(232)] ReadMemory at 0x74520000 of 64 bytes failed: 仅完成部分的 ReadProcessMemory 或 WriteProcessMemory 请求。 (0x12B)
[1003/195157:WARNING:pe_image_reader.cc(280)] could not read dos header from C:\Windows\SYSTEM32\VERSION.dll
[1003/195157:ERROR:process_reader_win.cc(232)] ReadMemory at 0x77410000 of 64 bytes failed: 仅完成部分的 ReadProcessMemory 或 WriteProcessMemory 请求。 (0x12B)
[1003/195157:WARNING:pe_image_reader.cc(280)] could not read dos header from C:\Windows\SYSTEM32\cfgmgr32.dll
[1003/195157:ERROR:process_reader_win.cc(232)] ReadMemory at 0x73e60000 of 64 bytes failed: 仅完成部分的 ReadProcessMemory 或 WriteProcessMemory 请求。 (0x12B)
[1003/195157:WARNING:pe_image_reader.cc(280)] could not read dos header from C:\Windows\SYSTEM32\WINMMBASE.dll
[1003/195157:ERROR:process_reader_win.cc(232)] ReadMemory at 0x768f0000 of 64 bytes failed: 仅完成部分的 ReadProcessMemory 或 WriteProcessMemory 请求。 (0x12B)
[1003/195157:WARNING:pe_image_reader.cc(280)] could not read dos header from C:\Windows\SYSTEM32\GDI32.dll
[1003/195157:ERROR:process_reader_win.cc(232)] ReadMemory at 0x74630000 of 64 bytes failed: 仅完成部分的 ReadProcessMemory 或 WriteProcessMemory 请求。 (0x12B)
[1003/195157:WARNING:pe_image_reader.cc(280)] could not read dos header from C:\Windows\SYSTEM32\USER32.dll
[1003/195157:ERROR:process_reader_win.cc(232)] ReadMemory at 0x76f80000 of 64 bytes failed: 仅完成部分的 ReadProcessMemory 或 WriteProcessMemory 请求。 (0x12B)
[1003/195157:WARNING:pe_image_reader.cc(280)] could not read dos header from C:\Windows\SYSTEM32\IMM32.DLL
[1003/195157:ERROR:process_reader_win.cc(232)] ReadMemory at 0x73e90000 of 64 bytes failed: 仅完成部分的 ReadProcessMemory 或 WriteProcessMemory 请求。 (0x12B)
[1003/195157:WARNING:pe_image_reader.cc(280)] could not read dos header from C:\Windows\SYSTEM32\WINMM.dll
[1003/195157:ERROR:process_reader_win.cc(232)] ReadMemory at 0x76e00000 of 64 bytes failed: 仅完成部分的 ReadProcessMemory 或 WriteProcessMemory 请求。 (0x12B)
[1003/195157:WARNING:pe_image_reader.cc(280)] could not read dos header from C:\Windows\SYSTEM32\profapi.dll
[1003/195157:ERROR:process_reader_win.cc(232)] ReadMemory at 0x74280000 of 64 bytes failed: 仅完成部分的 ReadProcessMemory 或 WriteProcessMemory 请求。 (0x12B)
[1003/195157:WARNING:pe_image_reader.cc(280)] could not read dos header from C:\Windows\SYSTEM32\USERENV.dll
[1003/195157:ERROR:process_reader_win.cc(232)] ReadMemory at 0x742a0000 of 64 bytes failed: 仅完成部分的 ReadProcessMemory 或 WriteProcessMemory 请求。 (0x12B)
[1003/195157:WARNING:pe_image_reader.cc(280)] could not read dos header from C:\Windows\SYSTEM32\WTSAPI32.dll
[1003/195157:ERROR:process_reader_win.cc(232)] ReadMemory at 0x77000000 of 64 bytes failed: 仅完成部分的 ReadProcessMemory 或 WriteProcessMemory 请求。 (0x12B)
[1003/195157:WARNING:pe_image_reader.cc(280)] could not read dos header from C:\Windows\SYSTEM32\combase.dll
[1003/195157:ERROR:process_reader_win.cc(232)] ReadMemory at 0x76b70000 of 64 bytes failed: 仅完成部分的 ReadProcessMemory 或 WriteProcessMemory 请求。 (0x12B)
[1003/195157:WARNING:pe_image_reader.cc(280)] could not read dos header from C:\Windows\SYSTEM32\shlwapi.dll
[1003/195157:ERROR:process_reader_win.cc(232)] ReadMemory at 0x74620000 of 64 bytes failed: 仅完成部分的 ReadProcessMemory 或 WriteProcessMemory 请求。 (0x12B)
[1003/195157:WARNING:pe_image_reader.cc(280)] could not read dos header from C:\Windows\SYSTEM32\kernel.appcore.dll
[1003/195157:ERROR:process_reader_win.cc(232)] ReadMemory at 0x74780000 of 64 bytes failed: 仅完成部分的 ReadProcessMemory 或 WriteProcessMemory 请求。 (0x12B)
[1003/195157:WARNING:pe_image_reader.cc(280)] could not read dos header from C:\Windows\SYSTEM32\shcore.dll
[1003/195157:ERROR:process_reader_win.cc(232)] ReadMemory at 0x749b0000 of 64 bytes failed: 仅完成部分的 ReadProcessMemory 或 WriteProcessMemory 请求。 (0x12B)
[1003/195157:WARNING:pe_image_reader.cc(280)] could not read dos header from C:\Windows\SYSTEM32\powrprof.dll
[1003/195157:ERROR:process_reader_win.cc(232)] ReadMemory at 0x762a0000 of 64 bytes failed: 仅完成部分的 ReadProcessMemory 或 WriteProcessMemory 请求。 (0x12B)
[1003/195157:WARNING:pe_image_reader.cc(280)] could not read dos header from C:\Windows\SYSTEM32\windows.storage.dll
[1003/195157:ERROR:process_reader_win.cc(232)] ReadMemory at 0x74ea0000 of 64 bytes failed: 仅完成部分的 ReadProcessMemory 或 WriteProcessMemory 请求。 (0x12B)
[1003/195157:WARNING:pe_image_reader.cc(280)] could not read dos header from C:\Windows\SYSTEM32\SHELL32.dll
[1003/195157:ERROR:process_reader_win.cc(232)] ReadMemory at 0x767a0000 of 64 bytes failed: 仅完成部分的 ReadProcessMemory 或 WriteProcessMemory 请求。 (0x12B)
[1003/195157:WARNING:pe_image_reader.cc(280)] could not read dos header from C:\Windows\SYSTEM32\ole32.dll
[1003/195157:ERROR:process_reader_win.cc(232)] ReadMemory at 0x74810000 of 64 bytes failed: 仅完成部分的 ReadProcessMemory 或 WriteProcessMemory 请求。 (0x12B)
[1003/195157:WARNING:pe_image_reader.cc(280)] could not read dos header from C:\Windows\SYSTEM32\OLEAUT32.dll
[1003/195157:ERROR:process_reader_win.cc(232)] ReadMemory at 0x76ff0000 of 64 bytes failed: 仅完成部分的 ReadProcessMemory 或 WriteProcessMemory 请求。 (0x12B)
[1003/195157:WARNING:pe_image_reader.cc(280)] could not read dos header from C:\Windows\SYSTEM32\PSAPI.DLL
[1003/195157:ERROR:process_reader_win.cc(232)] ReadMemory at 0x76bc0000 of 64 bytes failed: 仅完成部分的 ReadProcessMemory 或 WriteProcessMemory 请求。 (0x12B)
[1003/195157:WARNING:pe_image_reader.cc(280)] could not read dos header from C:\Windows\SYSTEM32\WS2_32.dll
[1003/195157:ERROR:process_reader_win.cc(232)] ReadMemory at 0x76fb0000 of 64 bytes failed: 仅完成部分的 ReadProcessMemory 或 WriteProcessMemory 请求。 (0x12B)
[1003/195157:WARNING:pe_image_reader.cc(280)] could not read dos header from C:\Windows\SYSTEM32\NETAPI32.dll
[1003/195157:ERROR:process_reader_win.cc(232)] ReadMemory at 0x73d50000 of 64 bytes failed: 仅完成部分的 ReadProcessMemory 或 WriteProcessMemory 请求。 (0x12B)
[1003/195157:WARNING:pe_image_reader.cc(280)] could not read dos header from C:\Windows\SYSTEM32\NETUTILS.DLL
[1003/195157:ERROR:process_reader_win.cc(232)] ReadMemory at 0x74490000 of 64 bytes failed: 仅完成部分的 ReadProcessMemory 或 WriteProcessMemory 请求。 (0x12B)
[1003/195157:WARNING:pe_image_reader.cc(280)] could not read dos header from C:\Windows\SYSTEM32\bcrypt.dll
[1003/195157:ERROR:process_reader_win.cc(232)] ReadMemory at 0x72450000 of 64 bytes failed: 仅完成部分的 ReadProcessMemory 或 WriteProcessMemory 请求。 (0x12B)
[1003/195157:WARNING:pe_image_reader.cc(280)] could not read dos header from C:\Windows\SYSTEM32\WKSCLI.DLL
[1003/195157:ERROR:process_reader_win.cc(232)] ReadMemory at 0x6f490000 of 64 bytes failed: 仅完成部分的 ReadProcessMemory 或 WriteProcessMemory 请求。 (0x12B)
[1003/195157:WARNING:pe_image_reader.cc(280)] could not read dos header from D:\360杞浠朵杞\360\360Safe\safemon\safemon.dll
[1003/195157:ERROR:process_reader_win.cc(232)] ReadMemory at 0x68d10000 of 64 bytes failed: 仅完成部分的 ReadProcessMemory 或 WriteProcessMemory 请求。 (0x12B)
[1003/195157:WARNING:pe_image_reader.cc(280)] could not read dos header from D:\360杞浠朵杞\360\360Safe\safemon\iNetSafe.dll
[1003/195157:ERROR:process_reader_win.cc(232)] ReadMemory at 0x71ca0000 of 64 bytes failed: 仅完成部分的 ReadProcessMemory 或 WriteProcessMemory 请求。 (0x12B)
[1003/195157:WARNING:pe_image_reader.cc(280)] could not read dos header from C:\Windows\SYSTEM32\WINSPOOL.DRV
[1003/195157:ERROR:process_reader_win.cc(232)] ReadMemory at 0x72b30000 of 64 bytes failed: 仅完成部分的 ReadProcessMemory 或 WriteProcessMemory 请求。 (0x12B)
[1003/195157:WARNING:pe_image_reader.cc(280)] could not read dos header from C:\Windows\WinSxS\x86_microsoft.windows.common-controls_6595b64144ccf1df_6.0.10586.0_none_d3c2e4e965da4528\COMCTL32.dll
[1003/195157:ERROR:process_reader_win.cc(232)] ReadMemory at 0x773a0000 of 64 bytes failed: 仅完成部分的 ReadProcessMemory 或 WriteProcessMemory 请求。 (0x12B)
[1003/195157:WARNING:pe_image_reader.cc(280)] could not read dos header from C:\Windows\SYSTEM32\FirewallAPI.dll
[1003/195157:ERROR:process_reader_win.cc(232)] ReadMemory at 0x726b0000 of 64 bytes failed: 仅完成部分的 ReadProcessMemory 或 WriteProcessMemory 请求。 (0x12B)
[1003/195157:WARNING:pe_image_reader.cc(280)] could not read dos header from C:\Windows\SYSTEM32\fwbase.dll
[1003/195157:ERROR:process_reader_win.cc(232)] ReadMemory at 0x72710000 of 64 bytes failed: 仅完成部分的 ReadProcessMemory 或 WriteProcessMemory 请求。 (0x12B)
[1003/195157:WARNING:pe_image_reader.cc(280)] could not read dos header from C:\Windows\SYSTEM32\DAVHLPR.DLL
[1003/195157:ERROR:process_reader_win.cc(232)] ReadMemory at 0x748b0000 of 64 bytes failed: 仅完成部分的 ReadProcessMemory 或 WriteProcessMemory 请求。 (0x12B)
[1003/195157:WARNING:pe_image_reader.cc(280)] could not read dos header from C:\Windows\SYSTEM32\COMDLG32.dll
[1003/195157:ERROR:process_reader_win.cc(232)] ReadMemory at 0x740c0000 of 64 bytes failed: 仅完成部分的 ReadProcessMemory 或 WriteProcessMemory 请求。 (0x12B)
[1003/195157:WARNING:pe_image_reader.cc(280)] could not read dos header from C:\Windows\SYSTEM32\IPHLPAPI.DLL
[1003/195157:ERROR:process_reader_win.cc(232)] ReadMemory at 0x744c0000 of 64 bytes failed: 仅完成部分的 ReadProcessMemory 或 WriteProcessMemory 请求。 (0x12B)
[1003/195157:WARNING:pe_image_reader.cc(280)] could not read dos header from C:\Windows\SYSTEM32\USP10.dll
[1003/195157:ERROR:process_reader_win.cc(232)] ReadMemory at 0x77400000 of 64 bytes failed: 仅完成部分的 ReadProcessMemory 或 WriteProcessMemory 请求。 (0x12B)
[1003/195157:WARNING:pe_image_reader.cc(280)] could not read dos header from C:\Windows\SYSTEM32\MSASN1.dll
[1003/195157:ERROR:process_reader_win.cc(232)] ReadMemory at 0x76c20000 of 64 bytes failed: 仅完成部分的 ReadProcessMemory 或 WriteProcessMemory 请求。 (0x12B)
[1003/195157:WARNING:pe_image_reader.cc(280)] could not read dos header from C:\Windows\SYSTEM32\CRYPT32.dll
[1003/195157:ERROR:process_reader_win.cc(232)] ReadMemory at 0x772b0000 of 64 bytes failed: 仅完成部分的 ReadProcessMemory 或 WriteProcessMemory 请求。 (0x12B)
[1003/195157:WARNING:pe_image_reader.cc(280)] could not read dos header from C:\Windows\SYSTEM32\WINTRUST.dll
[1003/195157:ERROR:process_reader_win.cc(232)] ReadMemory at 0x73e10000 of 64 bytes failed: 仅完成部分的 ReadProcessMemory 或 WriteProcessMemory 请求。 (0x12B)
[1003/195157:WARNING:pe_image_reader.cc(280)] could not read dos header from C:\Windows\SYSTEM32\Secur32.dll
[1003/195157:ERROR:process_reader_win.cc(232)] ReadMemory at 0x54ac0000 of 64 bytes failed: 仅完成部分的 ReadProcessMemory 或 WriteProcessMemory 请求。 (0x12B)
[1003/195157:WARNING:pe_image_reader.cc(280)] could not read dos header from C:\Program Files (x86)\Google\Chrome\Application\49.0.2623.87\chrome_child.dll
[1003/195157:ERROR:process_reader_win.cc(232)] ReadMemory at 0x6e9c0000 of 64 bytes failed: 仅完成部分的 ReadProcessMemory 或 WriteProcessMemory 请求。 (0x12B)
[1003/195157:WARNING:pe_image_reader.cc(280)] could not read dos header from D:\360杞浠朵杞\360\360Safe\360verify.dll
[1003/195157:ERROR:process_reader_win.cc(232)] ReadMemory at 0x718d0000 of 64 bytes failed: 仅完成部分的 ReadProcessMemory 或 WriteProcessMemory 请求。 (0x12B)
[1003/195157:WARNING:pe_image_reader.cc(280)] could not read dos header from C:\Windows\SYSTEM32\dwrite.dll
[1003/195157:ERROR:process_reader_win.cc(232)] ReadMemory at 0x197000 of 36864 bytes failed: 仅完成部分的 ReadProcessMemory 或 WriteProcessMemory 请求。 (0x12B)
[1003/195157:ERROR:crash_report_exception_handler.cc(102)] WriteEverything failed
[1003/195157:ERROR:scoped_process_suspend.cc(38)] NtResumeProcess, ntstatus=-1073741558
